<!DOCTYPE html PUBLIC "-//W3C//DTD XHTML 1.1//EN" "https://www.w3.org/TR/xhtml11/DTD/xhtml11.dtd">
<html xmlns="https://www.w3.org/1999/xhtml">
<head>
<meta http-equiv="content-type" content="text/html; charset=UTF-8"/>
<title>TestNG Report</title>
<style type="text/css">table {margin-bottom:10px;border-collapse:collapse;empty-cells:show}th,td {border:1px solid #009;padding:.25em .5em}th {vertical-align:bottom}td {vertical-align:top}table a {font-weight:bold}.stripe td {background-color: #E6EBF9}.num {text-align:right}.passedodd td {background-color: #3F3}.passedeven td {background-color: #0A0}.skippedodd td {background-color: #DDD}.skippedeven td {background-color: #CCC}.failedodd td,.attn {background-color: #F33}.failedeven td,.stripe .attn {background-color: #D00}.stacktrace {white-space:pre;font-family:monospace}.totop {font-size:85%;text-align:center;border-bottom:2px solid #000}.invisible {display:none}</style>
</head>
<body>
<table>
<tr><th>Test</th><th># Passed</th><th># Skipped</th><th># Retried</th><th># Failed</th><th>Time (ms)</th><th>Included Groups</th><th>Excluded Groups</th></tr>
<tr><th colspan="8">Suite</th></tr>
<tr><td><a href="#t0">Test Chrome</a></td><td class="num">1</td><td class="num">0</td><td class="num">0</td><td class="num">0</td><td class="num">26,604</td><td></td><td></td></tr>
<tr class="stripe"><td><a href="#t1">Test Firefox</a></td><td class="num">1</td><td class="num">0</td><td class="num">0</td><td class="num">0</td><td class="num">28,108</td><td></td><td></td></tr>
<tr><td><a href="#t2">Test Edge</a></td><td class="num">0</td><td class="num attn">1</td><td class="num">0</td><td class="num">0</td><td class="num">2,741</td><td></td><td></td></tr>
<tr><th>Total</th><th class="num">2</th><th class="num attn">1</th><th class="num">0</th><th class="num">0</th><th class="num">57,453</th><th colspan="2"></th></tr>
</table>
<table id='summary'><thead><tr><th>Class</th><th>Method</th><th>Start</th><th>Time (ms)</th></tr></thead><tbody><tr><th colspan="4">Suite</th></tr></tbody><tbody id="t0"><tr><th colspan="4">Test Chrome &#8212; passed</th></tr><tr class="passedeven"><td rowspan="1">com.qa.testscripts.TC_DropDown</td><td><a href="#m0">search</a></td><td rowspan="1">1670649015861</td><td rowspan="1">9209</td></tr></tbody>
<tbody id="t1"><tr><th colspan="4">Test Firefox &#8212; passed</th></tr><tr class="passedeven"><td rowspan="1">com.qa.testscripts.TC_DropDown</td><td><a href="#m1">search</a></td><td rowspan="1">1670649043524</td><td rowspan="1">9256</td></tr></tbody>
<tbody id="t2"><tr><th colspan="4">Test Edge &#8212; failed (configuration methods)</th></tr><tr class="failedeven"><td rowspan="1">com.qa.testscripts.TC_DropDown</td><td><a href="#m2">setUp</a></td><td rowspan="1">1670649058528</td><td rowspan="1">2720</td></tr><tr><th colspan="4">Test Edge &#8212; skipped (configuration methods)</th></tr><tr class="skippedeven"><td rowspan="1">com.qa.testscripts.TC_DropDown</td><td><a href="#m3">TearDown</a></td><td rowspan="1">1670649061263</td><td rowspan="1">-1670649061263</td></tr><tr><th colspan="4">Test Edge &#8212; skipped</th></tr><tr class="skippedeven"><td rowspan="1">com.qa.testscripts.TC_DropDown</td><td><a href="#m4">search</a></td><td rowspan="1">1670649061255</td><td rowspan="1">0</td></tr></tbody>
</table>
<h2>Test Chrome</h2><h3 id="m0">com.qa.testscripts.TC_DropDown#search</h3><table class="result"><tr class="param"><th>Parameter #1</th><th>Parameter #2</th></tr><tr class="param stripe"><td>Chrome</td><td>https://www.google.com/</td></tr></table><p class="totop"><a href="#summary">back to summary</a></p>
<h2>Test Firefox</h2><h3 id="m1">com.qa.testscripts.TC_DropDown#search</h3><table class="result"><tr class="param"><th>Parameter #1</th><th>Parameter #2</th></tr><tr class="param stripe"><td>Firefox</td><td>https://www.google.com/</td></tr></table><p class="totop"><a href="#summary">back to summary</a></p>
<h2>Test Edge</h2><h3 id="m2">com.qa.testscripts.TC_DropDown#setUp</h3><table class="result"><tr class="param"><th>Parameter #1</th><th>Parameter #2</th></tr><tr class="param stripe"><td>Edge</td><td>https://www.google.com/</td></tr><tr><th colspan="2">Exception</th></tr><tr><td colspan="2"><div class="stacktrace">org.openqa.selenium.SessionNotCreatedException: session not created: This version of Microsoft Edge WebDriver only supports Microsoft Edge version 106
Current browser version is 108.0.1462.46 with binary path C:\Program Files (x86)\Microsoft\Edge\Application\msedge.exe
Build info: version: &apos;3.141.59&apos;, revision: &apos;e82be7d358&apos;, time: &apos;2018-11-14T08:17:03&apos;
System info: host: &apos;LAPTOP-7PO6J8JI&apos;, ip: &apos;10.56.5.77&apos;, os.name: &apos;Windows 10&apos;, os.arch: &apos;amd64&apos;, os.version: &apos;10.0&apos;, java.version: &apos;16.0.2&apos;
Driver info: driver.version: EdgeDriver
remote stacktrace: Backtrace:
	Microsoft::Applications::Events::EventProperties::SetProperty [0x00007FF6E546F112+15282]
	Microsoft::Applications::Events::EventProperty::EventProperty [0x00007FF6E540C812+1461650]
	Ordinal0 [0x00007FF6E502C8A5+641189]
	Ordinal0 [0x00007FF6E505AB4F+830287]
	Ordinal0 [0x00007FF6E505652E+812334]
	Ordinal0 [0x00007FF6E5051670+792176]
	Ordinal0 [0x00007FF6E508FEA1+1048225]
	Ordinal0 [0x00007FF6E508F388+1045384]
	Ordinal0 [0x00007FF6E50886F3+1017587]
	Ordinal0 [0x00007FF6E505D104+839940]
	Ordinal0 [0x00007FF6E505E76F+845679]
	Microsoft::Applications::Events::EventProperty::EventProperty [0x00007FF6E52C8A28+135080]
	Microsoft::Applications::Events::EventProperty::EventProperty [0x00007FF6E52B2888+44552]
	Microsoft::Applications::Events::EventProperty::EventProperty [0x00007FF6E52B57CC+56652]
	Ordinal0 [0x00007FF6E511A764+1615716]
	Microsoft::Applications::Events::EventProperty::EventProperty [0x00007FF6E5411D79+1483513]
	Microsoft::Applications::Events::EventProperty::EventProperty [0x00007FF6E5415C34+1499572]
	Microsoft::Applications::Events::EventProperty::EventProperty [0x00007FF6E5415D8D+1499917]
	Microsoft::Applications::Events::EventProperty::EventProperty [0x00007FF6E541D656+1530838]
	BaseThreadInitThunk [0x00007FFD22B35550+16]
	RtlUserThreadStart [0x00007FFD23D6485B+43]

	at org.openqa.selenium.remote.W3CHandshakeResponse.lambda$errorHandler$0(W3CHandshakeResponse.java:62)
	at org.openqa.selenium.remote.HandshakeResponse.lambda$getResponseFunction$0(HandshakeResponse.java:30)
	at org.openqa.selenium.remote.ProtocolHandshake.lambda$createSession$0(ProtocolHandshake.java:126)
	at java.base/java.util.stream.ReferencePipeline$3$1.accept(ReferencePipeline.java:197)
	at java.base/java.util.Spliterators$ArraySpliterator.tryAdvance(Spliterators.java:958)
	at java.base/java.util.stream.ReferencePipeline.forEachWithCancel(ReferencePipeline.java:129)
	at java.base/java.util.stream.AbstractPipeline.copyIntoWithCancel(AbstractPipeline.java:502)
	at java.base/java.util.stream.AbstractPipeline.copyInto(AbstractPipeline.java:488)
	at java.base/java.util.stream.AbstractPipeline.wrapAndCopyInto(AbstractPipeline.java:474)
	at java.base/java.util.stream.FindOps$FindOp.evaluateSequential(FindOps.java:150)
	at java.base/java.util.stream.AbstractPipeline.evaluate(AbstractPipeline.java:234)
	at java.base/java.util.stream.ReferencePipeline.findFirst(ReferencePipeline.java:647)
	at org.openqa.selenium.remote.ProtocolHandshake.createSession(ProtocolHandshake.java:128)
	at org.openqa.selenium.remote.ProtocolHandshake.createSession(ProtocolHandshake.java:74)
	at org.openqa.selenium.remote.HttpCommandExecutor.execute(HttpCommandExecutor.java:136)
	at org.openqa.selenium.remote.service.DriverCommandExecutor.execute(DriverCommandExecutor.java:83)
	at org.openqa.selenium.remote.RemoteWebDriver.execute(RemoteWebDriver.java:552)
	at org.openqa.selenium.remote.RemoteWebDriver.startSession(RemoteWebDriver.java:213)
	at org.openqa.selenium.remote.RemoteWebDriver.&lt;init&gt;(RemoteWebDriver.java:131)
	at org.openqa.selenium.edge.EdgeDriver.&lt;init&gt;(EdgeDriver.java:141)
	at org.openqa.selenium.edge.EdgeDriver.&lt;init&gt;(EdgeDriver.java:96)
	at com.qa.testscripts.TestBase.setUp(TestBase.java:39)
	at java.base/java.util.concurrent.ThreadPoolExecutor.runWorker(ThreadPoolExecutor.java:1130)
	at java.base/java.util.concurrent.ThreadPoolExecutor$Worker.run(ThreadPoolExecutor.java:630)
	at java.base/java.lang.Thread.run(Thread.java:831)
... Removed 15 stack frames</div></td></tr></table><p class="totop"><a href="#summary">back to summary</a></p>
<h3 id="m3">com.qa.testscripts.TC_DropDown#TearDown</h3><table class="result"><tr><th class="invisible"/></tr></table><p class="totop"><a href="#summary">back to summary</a></p>
<h3 id="m4">com.qa.testscripts.TC_DropDown#search</h3><table class="result"><tr class="param"><th>Parameter #1</th><th>Parameter #2</th></tr><tr class="param stripe"><td>Edge</td><td>https://www.google.com/</td></tr><tr><th colspan="2">Exception</th></tr><tr><td colspan="2"><div class="stacktrace">org.openqa.selenium.SessionNotCreatedException: session not created: This version of Microsoft Edge WebDriver only supports Microsoft Edge version 106
Current browser version is 108.0.1462.46 with binary path C:\Program Files (x86)\Microsoft\Edge\Application\msedge.exe
Build info: version: &apos;3.141.59&apos;, revision: &apos;e82be7d358&apos;, time: &apos;2018-11-14T08:17:03&apos;
System info: host: &apos;LAPTOP-7PO6J8JI&apos;, ip: &apos;10.56.5.77&apos;, os.name: &apos;Windows 10&apos;, os.arch: &apos;amd64&apos;, os.version: &apos;10.0&apos;, java.version: &apos;16.0.2&apos;
Driver info: driver.version: EdgeDriver
remote stacktrace: Backtrace:
	Microsoft::Applications::Events::EventProperties::SetProperty [0x00007FF6E546F112+15282]
	Microsoft::Applications::Events::EventProperty::EventProperty [0x00007FF6E540C812+1461650]
	Ordinal0 [0x00007FF6E502C8A5+641189]
	Ordinal0 [0x00007FF6E505AB4F+830287]
	Ordinal0 [0x00007FF6E505652E+812334]
	Ordinal0 [0x00007FF6E5051670+792176]
	Ordinal0 [0x00007FF6E508FEA1+1048225]
	Ordinal0 [0x00007FF6E508F388+1045384]
	Ordinal0 [0x00007FF6E50886F3+1017587]
	Ordinal0 [0x00007FF6E505D104+839940]
	Ordinal0 [0x00007FF6E505E76F+845679]
	Microsoft::Applications::Events::EventProperty::EventProperty [0x00007FF6E52C8A28+135080]
	Microsoft::Applications::Events::EventProperty::EventProperty [0x00007FF6E52B2888+44552]
	Microsoft::Applications::Events::EventProperty::EventProperty [0x00007FF6E52B57CC+56652]
	Ordinal0 [0x00007FF6E511A764+1615716]
	Microsoft::Applications::Events::EventProperty::EventProperty [0x00007FF6E5411D79+1483513]
	Microsoft::Applications::Events::EventProperty::EventProperty [0x00007FF6E5415C34+1499572]
	Microsoft::Applications::Events::EventProperty::EventProperty [0x00007FF6E5415D8D+1499917]
	Microsoft::Applications::Events::EventProperty::EventProperty [0x00007FF6E541D656+1530838]
	BaseThreadInitThunk [0x00007FFD22B35550+16]
	RtlUserThreadStart [0x00007FFD23D6485B+43]

	at org.openqa.selenium.remote.W3CHandshakeResponse.lambda$errorHandler$0(W3CHandshakeResponse.java:62)
	at org.openqa.selenium.remote.HandshakeResponse.lambda$getResponseFunction$0(HandshakeResponse.java:30)
	at org.openqa.selenium.remote.ProtocolHandshake.lambda$createSession$0(ProtocolHandshake.java:126)
	at java.base/java.util.stream.ReferencePipeline$3$1.accept(ReferencePipeline.java:197)
	at java.base/java.util.Spliterators$ArraySpliterator.tryAdvance(Spliterators.java:958)
	at java.base/java.util.stream.ReferencePipeline.forEachWithCancel(ReferencePipeline.java:129)
	at java.base/java.util.stream.AbstractPipeline.copyIntoWithCancel(AbstractPipeline.java:502)
	at java.base/java.util.stream.AbstractPipeline.copyInto(AbstractPipeline.java:488)
	at java.base/java.util.stream.AbstractPipeline.wrapAndCopyInto(AbstractPipeline.java:474)
	at java.base/java.util.stream.FindOps$FindOp.evaluateSequential(FindOps.java:150)
	at java.base/java.util.stream.AbstractPipeline.evaluate(AbstractPipeline.java:234)
	at java.base/java.util.stream.ReferencePipeline.findFirst(ReferencePipeline.java:647)
	at org.openqa.selenium.remote.ProtocolHandshake.createSession(ProtocolHandshake.java:128)
	at org.openqa.selenium.remote.ProtocolHandshake.createSession(ProtocolHandshake.java:74)
	at org.openqa.selenium.remote.HttpCommandExecutor.execute(HttpCommandExecutor.java:136)
	at org.openqa.selenium.remote.service.DriverCommandExecutor.execute(DriverCommandExecutor.java:83)
	at org.openqa.selenium.remote.RemoteWebDriver.execute(RemoteWebDriver.java:552)
	at org.openqa.selenium.remote.RemoteWebDriver.startSession(RemoteWebDriver.java:213)
	at org.openqa.selenium.remote.RemoteWebDriver.&lt;init&gt;(RemoteWebDriver.java:131)
	at org.openqa.selenium.edge.EdgeDriver.&lt;init&gt;(EdgeDriver.java:141)
	at org.openqa.selenium.edge.EdgeDriver.&lt;init&gt;(EdgeDriver.java:96)
	at com.qa.testscripts.TestBase.setUp(TestBase.java:39)
	at java.base/java.util.concurrent.ThreadPoolExecutor.runWorker(ThreadPoolExecutor.java:1130)
	at java.base/java.util.concurrent.ThreadPoolExecutor$Worker.run(ThreadPoolExecutor.java:630)
	at java.base/java.lang.Thread.run(Thread.java:831)
... Removed 15 stack frames</div></td></tr></table><p class="totop"><a href="#summary">back to summary</a></p>
</body>
</html>
