<?xml version="1.0" encoding="UTF-8"?>
<!-- Generated by org.testng.reporters.JUnitXMLReporter -->
<testsuite ignored="0" hostname="LAPTOP-7PO6J8JI" failures="0" tests="1" name="Test Edge" time="2.741" errors="0" timestamp="2022-12-10T10:41:01 IST">
  <testcase classname="com.qa.testscripts.TestBase" name="@BeforeClass setUp" time="2.72">
    <failure type="org.openqa.selenium.SessionNotCreatedException" message="session not created: This version of Microsoft Edge WebDriver only supports Microsoft Edge version 106
Current browser version is 108.0.1462.46 with binary path C:\Program Files (x86)\Microsoft\Edge\Application\msedge.exe
Build info: version: &amp;apos;3.141.59&amp;apos;, revision: &amp;apos;e82be7d358&amp;apos;, time: &amp;apos;2018-11-14T08:17:03&amp;apos;
System info: host: &amp;apos;LAPTOP-7PO6J8JI&amp;apos;, ip: &amp;apos;10.56.5.77&amp;apos;, os.name: &amp;apos;Windows 10&amp;apos;, os.arch: &amp;apos;amd64&amp;apos;, os.version: &amp;apos;10.0&amp;apos;, java.version: &amp;apos;16.0.2&amp;apos;
Driver info: driver.version: EdgeDriver
remote stacktrace: Backtrace:
	Microsoft::Applications::Events::EventProperties::SetProperty [0x00007FF6E546F112+15282]
	Microsoft::Applications::Events::EventProperty::EventProperty [0x00007FF6E540C812+1461650]
	Ordinal0 [0x00007FF6E502C8A5+641189]
	Ordinal0 [0x00007FF6E505AB4F+830287]
	Ordinal0 [0x00007FF6E505652E+812334]
	Ordinal0 [0x00007FF6E5051670+792176]
	Ordinal0 [0x00007FF6E508FEA1+1048225]
	Ordinal0 [0x00007FF6E508F388+1045384]
	Ordinal0 [0x00007FF6E50886F3+1017587]
	Ordinal0 [0x00007FF6E505D104+839940]
	Ordinal0 [0x00007FF6E505E76F+845679]
	Microsoft::Applications::Events::EventProperty::EventProperty [0x00007FF6E52C8A28+135080]
	Microsoft::Applications::Events::EventProperty::EventProperty [0x00007FF6E52B2888+44552]
	Microsoft::Applications::Events::EventProperty::EventProperty [0x00007FF6E52B57CC+56652]
	Ordinal0 [0x00007FF6E511A764+1615716]
	Microsoft::Applications::Events::EventProperty::EventProperty [0x00007FF6E5411D79+1483513]
	Microsoft::Applications::Events::EventProperty::EventProperty [0x00007FF6E5415C34+1499572]
	Microsoft::Applications::Events::EventProperty::EventProperty [0x00007FF6E5415D8D+1499917]
	Microsoft::Applications::Events::EventProperty::EventProperty [0x00007FF6E541D656+1530838]
	BaseThreadInitThunk [0x00007FFD22B35550+16]
	RtlUserThreadStart [0x00007FFD23D6485B+43]
">
      <![CDATA[org.openqa.selenium.SessionNotCreatedException: session not created: This version of Microsoft Edge WebDriver only supports Microsoft Edge version 106
Current browser version is 108.0.1462.46 with binary path C:\Program Files (x86)\Microsoft\Edge\Application\msedge.exe
Build info: version: '3.141.59', revision: 'e82be7d358', time: '2018-11-14T08:17:03'
System info: host: 'LAPTOP-7PO6J8JI', ip: '10.56.5.77', os.name: 'Windows 10', os.arch: 'amd64', os.version: '10.0', java.version: '16.0.2'
Driver info: driver.version: EdgeDriver
remote stacktrace: Backtrace:
Microsoft::Applications::Events::EventProperties::SetProperty [0x00007FF6E546F112+15282]
Microsoft::Applications::Events::EventProperty::EventProperty [0x00007FF6E540C812+1461650]
Ordinal0 [0x00007FF6E502C8A5+641189]
Ordinal0 [0x00007FF6E505AB4F+830287]
Ordinal0 [0x00007FF6E505652E+812334]
Ordinal0 [0x00007FF6E5051670+792176]
Ordinal0 [0x00007FF6E508FEA1+1048225]
Ordinal0 [0x00007FF6E508F388+1045384]
Ordinal0 [0x00007FF6E50886F3+1017587]
Ordinal0 [0x00007FF6E505D104+839940]
Ordinal0 [0x00007FF6E505E76F+845679]
Microsoft::Applications::Events::EventProperty::EventProperty [0x00007FF6E52C8A28+135080]
Microsoft::Applications::Events::EventProperty::EventProperty [0x00007FF6E52B2888+44552]
Microsoft::Applications::Events::EventProperty::EventProperty [0x00007FF6E52B57CC+56652]
Ordinal0 [0x00007FF6E511A764+1615716]
Microsoft::Applications::Events::EventProperty::EventProperty [0x00007FF6E5411D79+1483513]
Microsoft::Applications::Events::EventProperty::EventProperty [0x00007FF6E5415C34+1499572]
Microsoft::Applications::Events::EventProperty::EventProperty [0x00007FF6E5415D8D+1499917]
Microsoft::Applications::Events::EventProperty::EventProperty [0x00007FF6E541D656+1530838]
BaseThreadInitThunk [0x00007FFD22B35550+16]
RtlUserThreadStart [0x00007FFD23D6485B+43]

at org.openqa.selenium.remote.W3CHandshakeResponse.lambda$errorHandler$0(W3CHandshakeResponse.java:62)
at org.openqa.selenium.remote.HandshakeResponse.lambda$getResponseFunction$0(HandshakeResponse.java:30)
at org.openqa.selenium.remote.ProtocolHandshake.lambda$createSession$0(ProtocolHandshake.java:126)
at java.base/java.util.stream.ReferencePipeline$3$1.accept(ReferencePipeline.java:197)
at java.base/java.util.Spliterators$ArraySpliterator.tryAdvance(Spliterators.java:958)
at java.base/java.util.stream.ReferencePipeline.forEachWithCancel(ReferencePipeline.java:129)
at java.base/java.util.stream.AbstractPipeline.copyIntoWithCancel(AbstractPipeline.java:502)
at java.base/java.util.stream.AbstractPipeline.copyInto(AbstractPipeline.java:488)
at java.base/java.util.stream.AbstractPipeline.wrapAndCopyInto(AbstractPipeline.java:474)
at java.base/java.util.stream.FindOps$FindOp.evaluateSequential(FindOps.java:150)
at java.base/java.util.stream.AbstractPipeline.evaluate(AbstractPipeline.java:234)
at java.base/java.util.stream.ReferencePipeline.findFirst(ReferencePipeline.java:647)
at org.openqa.selenium.remote.ProtocolHandshake.createSession(ProtocolHandshake.java:128)
at org.openqa.selenium.remote.ProtocolHandshake.createSession(ProtocolHandshake.java:74)
at org.openqa.selenium.remote.HttpCommandExecutor.execute(HttpCommandExecutor.java:136)
at org.openqa.selenium.remote.service.DriverCommandExecutor.execute(DriverCommandExecutor.java:83)
at org.openqa.selenium.remote.RemoteWebDriver.execute(RemoteWebDriver.java:552)
at org.openqa.selenium.remote.RemoteWebDriver.startSession(RemoteWebDriver.java:213)
at org.openqa.selenium.remote.RemoteWebDriver.<init>(RemoteWebDriver.java:131)
at org.openqa.selenium.edge.EdgeDriver.<init>(EdgeDriver.java:141)
at org.openqa.selenium.edge.EdgeDriver.<init>(EdgeDriver.java:96)
at com.qa.testscripts.TestBase.setUp(TestBase.java:39)
at java.base/java.util.concurrent.ThreadPoolExecutor.runWorker(ThreadPoolExecutor.java:1130)
at java.base/java.util.concurrent.ThreadPoolExecutor$Worker.run(ThreadPoolExecutor.java:630)
at java.base/java.lang.Thread.run(Thread.java:831)
... Removed 15 stack frames]]>
    </failure>
  </testcase> <!-- @BeforeClass setUp -->
  <testcase classname="com.qa.testscripts.TestBase" name="@AfterClass TearDown" time="-1.670649061263E9">
    <skipped/>
  </testcase> <!-- @AfterClass TearDown -->
  <testcase classname="com.qa.testscripts.TC_DropDown" name="search" time="0.0">
    <skipped/>
  </testcase> <!-- search -->
</testsuite> <!-- Test Edge -->
